2020-06-23 00:00:01,083 INFO 9452 [egg-logrotator] app logger reload: got log-reload message
2020-06-23 04:27:35,847 WARN 9452 [ClusterClient:Watcher] follower closed, and try to init it again
2020-06-23 04:30:00,133 INFO 9452 [-/127.0.0.1/-/51ms SCHEDULE /__schedule?path=C:\Users\Administrator\Desktop\shangcheng\server\node_modules\_egg-multipart@2.10.3@egg-multipart\app\schedule\clean_tmpdir.js&type=worker&cron=0%2030%204%20*%20*%20*&immediate=false] [egg-multipart:CleanTmpdir] start clean tmpdir: "C:\\Users\\ADMINI~1\\AppData\\Local\\Temp\\egg-multipart-tmp\\server"
2020-06-23 04:30:00,182 INFO 9452 [-/127.0.0.1/-/103ms SCHEDULE /__schedule?path=C:\Users\Administrator\Desktop\shangcheng\server\node_modules\_egg-multipart@2.10.3@egg-multipart\app\schedule\clean_tmpdir.js&type=worker&cron=0%2030%204%20*%20*%20*&immediate=false] [egg-multipart:CleanTmpdir] end
2020-06-23 08:55:53,863 INFO 12192 [egg:logger] init all loggers with options: {"dir":"C:\\Users\\Administrator\\Desktop\\shangcheng\\server\\logs\\server","encoding":"utf8","env":"local","level":"INFO","consoleLevel":"INFO","disableConsoleAfterReady":false,"outputJSON":false,"buffer":true,"appLogName":"server-web.log","coreLogName":"egg-web.log","agentLogName":"egg-agent.log","errorLogName":"common-error.log","coreLogger":{"consoleLevel":"WARN"},"allowDebugAtProd":false,"type":"application"}
2020-06-23 08:55:53,898 INFO 12192 [egg-multipart] stream mode enable
2020-06-23 08:55:58,401 INFO 12192 [egg-mongoose] connecting mongodb://127.0.0.1/shoppingMall
2020-06-23 08:56:01,990 INFO 12192 [egg-static] starting static serve /public/ -> C:\Users\Administrator\Desktop\shangcheng\server\app\public
2020-06-23 08:56:02,003 INFO 12192 [egg-security] use methodnoallow middleware
2020-06-23 08:56:02,020 INFO 12192 [egg-security] use noopen middleware
2020-06-23 08:56:02,027 INFO 12192 [egg-security] use nosniff middleware
2020-06-23 08:56:02,029 INFO 12192 [egg-security] use xssProtection middleware
2020-06-23 08:56:02,031 INFO 12192 [egg-security] use xframe middleware
2020-06-23 08:56:02,033 INFO 12192 [egg-security] use dta middleware
2020-06-23 08:56:02,033 INFO 12192 [egg-security] compose 6 middlewares into one security middleware
2020-06-23 08:56:02,199 INFO 12192 [egg:core] dump config after load, 7ms
2020-06-23 08:56:02,205 INFO 12192 [egg-mongoose] starting...
2020-06-23 08:56:02,303 INFO 12192 [egg-mongoose] mongodb://127.0.0.1/shoppingMall connected successfully
2020-06-23 08:56:02,312 INFO 12192 [egg-mongoose] instance[0] start successfully
2020-06-23 08:56:02,326 INFO 12192 [egg-watcher:application] watcher start success
2020-06-23 08:56:02,346 INFO 12192 [egg:core] dump config after ready, 14ms
