2020-06-23 04:30:00,079 INFO 9452 [Job#1592857800000732811363131001] C:\Users\Administrator\Desktop\shangcheng\server\node_modules\_egg-multipart@2.10.3@egg-multipart\app\schedule\clean_tmpdir.js executing by app
2020-06-23 04:30:00,182 INFO 9452 [Job#1592857800000732811363131001] C:\Users\Administrator\Desktop\shangcheng\server\node_modules\_egg-multipart@2.10.3@egg-multipart\app\schedule\clean_tmpdir.js execute succeed, used 103ms
2020-06-23 04:30:00,103 INFO 5116 [Timer] C:\Users\Administrator\Desktop\shangcheng\server\node_modules\_egg-multipart@2.10.3@egg-multipart\app\schedule\clean_tmpdir.js next time will execute after 86399932ms at 2020-06-24 04:30:00.035
2020-06-23 08:55:53,897 INFO 12192 [egg-schedule]: register schedule C:\Users\Administrator\Desktop\shangcheng\server\node_modules\_egg-multipart@2.10.3@egg-multipart\app\schedule\clean_tmpdir.js
2020-06-23 08:55:53,897 INFO 12192 [egg-schedule]: register schedule C:\Users\Administrator\Desktop\shangcheng\server\node_modules\_egg-logrotator@3.1.0@egg-logrotator\app\schedule\clean_log.js
2020-06-23 08:55:53,897 INFO 12192 [egg-schedule]: register schedule C:\Users\Administrator\Desktop\shangcheng\server\node_modules\_egg-logrotator@3.1.0@egg-logrotator\app\schedule\rotate_by_file.js
2020-06-23 08:56:02,356 INFO 7504 [Timer] C:\Users\Administrator\Desktop\shangcheng\server\node_modules\_egg-multipart@2.10.3@egg-multipart\app\schedule\clean_tmpdir.js next time will execute after 70437648ms at 2020-06-24 04:30:00.004
2020-06-23 08:56:02,357 INFO 7504 [Timer] C:\Users\Administrator\Desktop\shangcheng\server\node_modules\_egg-logrotator@3.1.0@egg-logrotator\app\schedule\clean_log.js next time will execute after 54237644ms at 2020-06-24 00:00:00.001
2020-06-23 08:56:02,358 INFO 7504 [Timer] C:\Users\Administrator\Desktop\shangcheng\server\node_modules\_egg-logrotator@3.1.0@egg-logrotator\app\schedule\rotate_by_file.js next time will execute after 54238643ms at 2020-06-24 00:00:01.001
2020-06-24 09:24:37,469 INFO 11968 [egg-schedule]: register schedule C:\Users\Administrator\Desktop\shangcheng\server\node_modules\_egg-multipart@2.10.3@egg-multipart\app\schedule\clean_tmpdir.js
2020-06-24 09:24:37,469 INFO 11968 [egg-schedule]: register schedule C:\Users\Administrator\Desktop\shangcheng\server\node_modules\_egg-logrotator@3.1.0@egg-logrotator\app\schedule\clean_log.js
2020-06-24 09:24:37,469 INFO 11968 [egg-schedule]: register schedule C:\Users\Administrator\Desktop\shangcheng\server\node_modules\_egg-logrotator@3.1.0@egg-logrotator\app\schedule\rotate_by_file.js
2020-06-24 09:24:47,690 INFO 10672 [Timer] C:\Users\Administrator\Desktop\shangcheng\server\node_modules\_egg-multipart@2.10.3@egg-multipart\app\schedule\clean_tmpdir.js next time will execute after 68712316ms at 2020-06-25 04:30:00.006
2020-06-24 09:24:47,691 INFO 10672 [Timer] C:\Users\Administrator\Desktop\shangcheng\server\node_modules\_egg-logrotator@3.1.0@egg-logrotator\app\schedule\clean_log.js next time will execute after 52512310ms at 2020-06-25 00:00:00.001
2020-06-24 09:24:47,692 INFO 10672 [Timer] C:\Users\Administrator\Desktop\shangcheng\server\node_modules\_egg-logrotator@3.1.0@egg-logrotator\app\schedule\rotate_by_file.js next time will execute after 52513309ms at 2020-06-25 00:00:01.001
2020-06-24 10:57:26,294 INFO 9288 [egg-schedule]: register schedule C:\Users\Administrator\Desktop\shangcheng\server\node_modules\_egg-multipart@2.10.3@egg-multipart\app\schedule\clean_tmpdir.js
2020-06-24 10:57:26,294 INFO 9288 [egg-schedule]: register schedule C:\Users\Administrator\Desktop\shangcheng\server\node_modules\_egg-logrotator@3.1.0@egg-logrotator\app\schedule\clean_log.js
2020-06-24 10:57:26,294 INFO 9288 [egg-schedule]: register schedule C:\Users\Administrator\Desktop\shangcheng\server\node_modules\_egg-logrotator@3.1.0@egg-logrotator\app\schedule\rotate_by_file.js
2020-06-24 10:57:42,515 INFO 7208 [Timer] C:\Users\Administrator\Desktop\shangcheng\server\node_modules\_egg-multipart@2.10.3@egg-multipart\app\schedule\clean_tmpdir.js next time will execute after 63137489ms at 2020-06-25 04:30:00.004
2020-06-24 10:57:42,516 INFO 7208 [Timer] C:\Users\Administrator\Desktop\shangcheng\server\node_modules\_egg-logrotator@3.1.0@egg-logrotator\app\schedule\clean_log.js next time will execute after 46937485ms at 2020-06-25 00:00:00.001
2020-06-24 10:57:42,517 INFO 7208 [Timer] C:\Users\Administrator\Desktop\shangcheng\server\node_modules\_egg-logrotator@3.1.0@egg-logrotator\app\schedule\rotate_by_file.js next time will execute after 46938484ms at 2020-06-25 00:00:01.001
2020-06-24 13:57:17,980 INFO 11140 [egg-schedule]: register schedule C:\Users\Administrator\Desktop\shangcheng\server\node_modules\_egg-multipart@2.10.3@egg-multipart\app\schedule\clean_tmpdir.js
2020-06-24 13:57:17,980 INFO 11140 [egg-schedule]: register schedule C:\Users\Administrator\Desktop\shangcheng\server\node_modules\_egg-logrotator@3.1.0@egg-logrotator\app\schedule\clean_log.js
2020-06-24 13:57:17,980 INFO 11140 [egg-schedule]: register schedule C:\Users\Administrator\Desktop\shangcheng\server\node_modules\_egg-logrotator@3.1.0@egg-logrotator\app\schedule\rotate_by_file.js
2020-06-24 13:57:26,534 INFO 9992 [Timer] C:\Users\Administrator\Desktop\shangcheng\server\node_modules\_egg-multipart@2.10.3@egg-multipart\app\schedule\clean_tmpdir.js next time will execute after 52353469ms at 2020-06-25 04:30:00.003
2020-06-24 13:57:26,534 INFO 9992 [Timer] C:\Users\Administrator\Desktop\shangcheng\server\node_modules\_egg-logrotator@3.1.0@egg-logrotator\app\schedule\clean_log.js next time will execute after 36153466ms at 2020-06-25 00:00:00.000
2020-06-24 13:57:26,534 INFO 9992 [Timer] C:\Users\Administrator\Desktop\shangcheng\server\node_modules\_egg-logrotator@3.1.0@egg-logrotator\app\schedule\rotate_by_file.js next time will execute after 36154466ms at 2020-06-25 00:00:01.000
2020-06-24 13:58:16,472 INFO 10784 [egg-schedule]: register schedule C:\Users\Administrator\Desktop\shangcheng\server\node_modules\_egg-multipart@2.10.3@egg-multipart\app\schedule\clean_tmpdir.js
2020-06-24 13:58:16,472 INFO 10784 [egg-schedule]: register schedule C:\Users\Administrator\Desktop\shangcheng\server\node_modules\_egg-logrotator@3.1.0@egg-logrotator\app\schedule\clean_log.js
2020-06-24 13:58:16,472 INFO 10784 [egg-schedule]: register schedule C:\Users\Administrator\Desktop\shangcheng\server\node_modules\_egg-logrotator@3.1.0@egg-logrotator\app\schedule\rotate_by_file.js
2020-06-24 13:58:17,528 INFO 9076 [Timer] C:\Users\Administrator\Desktop\shangcheng\server\node_modules\_egg-multipart@2.10.3@egg-multipart\app\schedule\clean_tmpdir.js next time will execute after 52302475ms at 2020-06-25 04:30:00.003
2020-06-24 13:58:17,528 INFO 9076 [Timer] C:\Users\Administrator\Desktop\shangcheng\server\node_modules\_egg-logrotator@3.1.0@egg-logrotator\app\schedule\clean_log.js next time will execute after 36102472ms at 2020-06-25 00:00:00.000
2020-06-24 13:58:17,529 INFO 9076 [Timer] C:\Users\Administrator\Desktop\shangcheng\server\node_modules\_egg-logrotator@3.1.0@egg-logrotator\app\schedule\rotate_by_file.js next time will execute after 36103472ms at 2020-06-25 00:00:01.001
2020-06-24 14:08:24,823 INFO 5356 [egg-schedule]: register schedule C:\Users\Administrator\Desktop\shangcheng\server\node_modules\_egg-multipart@2.10.3@egg-multipart\app\schedule\clean_tmpdir.js
2020-06-24 14:08:24,823 INFO 5356 [egg-schedule]: register schedule C:\Users\Administrator\Desktop\shangcheng\server\node_modules\_egg-logrotator@3.1.0@egg-logrotator\app\schedule\clean_log.js
2020-06-24 14:08:24,824 INFO 5356 [egg-schedule]: register schedule C:\Users\Administrator\Desktop\shangcheng\server\node_modules\_egg-logrotator@3.1.0@egg-logrotator\app\schedule\rotate_by_file.js
2020-06-24 14:08:28,325 INFO 8624 [Timer] C:\Users\Administrator\Desktop\shangcheng\server\node_modules\_egg-multipart@2.10.3@egg-multipart\app\schedule\clean_tmpdir.js next time will execute after 51691680ms at 2020-06-25 04:30:00.005
2020-06-24 14:08:28,326 INFO 8624 [Timer] C:\Users\Administrator\Desktop\shangcheng\server\node_modules\_egg-logrotator@3.1.0@egg-logrotator\app\schedule\clean_log.js next time will execute after 35491675ms at 2020-06-25 00:00:00.001
2020-06-24 14:08:28,326 INFO 8624 [Timer] C:\Users\Administrator\Desktop\shangcheng\server\node_modules\_egg-logrotator@3.1.0@egg-logrotator\app\schedule\rotate_by_file.js next time will execute after 35492674ms at 2020-06-25 00:00:01.000
